{"D:\\Stuff\\Work\\Postulaciones\\cmpc\\front-end-cmpc\\src\\api\\axios.ts": {"path":"D:\\Stuff\\Work\\Postulaciones\\cmpc\\front-end-cmpc\\src\\api\\axios.ts","statementMap":{"0":{"start":{"line":1,"column":0},"end":{"line":1,"column":41}},"1":{"start":{"line":2,"column":0},"end":{"line":2,"column":26}},"2":{"start":{"line":4,"column":12},"end":{"line":9,"column":2}},"3":{"start":{"line":11,"column":0},"end":{"line":18,"column":2}},"4":{"start":{"line":13,"column":18},"end":{"line":13,"column":47}},"5":{"start":{"line":14,"column":4},"end":{"line":14,"column":64}},"6":{"start":{"line":14,"column":15},"end":{"line":14,"column":64}},"7":{"start":{"line":15,"column":4},"end":{"line":15,"column":18}},"8":{"start":{"line":17,"column":13},"end":{"line":17,"column":34}},"9":{"start":{"line":20,"column":0},"end":{"line":20,"column":19}}},"fnMap":{"0":{"name":"(anonymous_0)","decl":{"start":{"line":12,"column":2},"end":{"line":12,"column":3}},"loc":{"start":{"line":12,"column":13},"end":{"line":16,"column":3}}},"1":{"name":"(anonymous_1)","decl":{"start":{"line":17,"column":2},"end":{"line":17,"column":3}},"loc":{"start":{"line":17,"column":13},"end":{"line":17,"column":34}}}},"branchMap":{"0":{"loc":{"start":{"line":14,"column":4},"end":{"line":14,"column":64}},"type":"if","locations":[{"start":{"line":14,"column":4},"end":{"line":14,"column":64}}]}},"s":{"0":1,"1":1,"2":1,"3":1,"4":0,"5":0,"6":0,"7":0,"8":0,"9":1},"f":{"0":0,"1":0},"b":{"0":[0]}}
,"D:\\Stuff\\Work\\Postulaciones\\cmpc\\front-end-cmpc\\src\\components\\ConfirmModal.tsx": {"path":"D:\\Stuff\\Work\\Postulaciones\\cmpc\\front-end-cmpc\\src\\components\\ConfirmModal.tsx","statementMap":{"0":{"start":{"line":1,"column":0},"end":{"line":1,"column":47}},"1":{"start":{"line":9,"column":28},"end":{"line":29,"column":1}},"2":{"start":{"line":14,"column":2},"end":{"line":28,"column":4}},"3":{"start":{"line":9,"column":13},"end":{"line":9,"column":28}}},"fnMap":{"0":{"name":"(anonymous_0)","decl":{"start":{"line":9,"column":28},"end":{"line":9,"column":29}},"loc":{"start":{"line":13,"column":24},"end":{"line":29,"column":1}}}},"branchMap":{},"s":{"0":1,"1":1,"2":2,"3":1},"f":{"0":2},"b":{}}
,"D:\\Stuff\\Work\\Postulaciones\\cmpc\\front-end-cmpc\\src\\components\\NoResults.tsx": {"path":"D:\\Stuff\\Work\\Postulaciones\\cmpc\\front-end-cmpc\\src\\components\\NoResults.tsx","statementMap":{"0":{"start":{"line":1,"column":0},"end":{"line":1,"column":44}},"1":{"start":{"line":8,"column":25},"end":{"line":18,"column":1}},"2":{"start":{"line":12,"column":2},"end":{"line":17,"column":4}},"3":{"start":{"line":8,"column":13},"end":{"line":8,"column":25}}},"fnMap":{"0":{"name":"(anonymous_0)","decl":{"start":{"line":8,"column":25},"end":{"line":8,"column":26}},"loc":{"start":{"line":11,"column":12},"end":{"line":18,"column":1}}}},"branchMap":{"0":{"loc":{"start":{"line":9,"column":2},"end":{"line":9,"column":65}},"type":"default-arg","locations":[{"start":{"line":9,"column":12},"end":{"line":9,"column":65}}]},"1":{"loc":{"start":{"line":15,"column":7},"end":{"line":15,"column":68}},"type":"binary-expr","locations":[{"start":{"line":15,"column":7},"end":{"line":15,"column":14}},{"start":{"line":15,"column":18},"end":{"line":15,"column":68}}]}},"s":{"0":1,"1":1,"2":9,"3":1},"f":{"0":9},"b":{"0":[9],"1":[9,9]}}
,"D:\\Stuff\\Work\\Postulaciones\\cmpc\\front-end-cmpc\\src\\features\\book\\components\\AddBookButton.tsx": {"path":"D:\\Stuff\\Work\\Postulaciones\\cmpc\\front-end-cmpc\\src\\features\\book\\components\\AddBookButton.tsx","statementMap":{"0":{"start":{"line":1,"column":0},"end":{"line":1,"column":47}},"1":{"start":{"line":2,"column":0},"end":{"line":2,"column":59}},"2":{"start":{"line":4,"column":29},"end":{"line":15,"column":1}},"3":{"start":{"line":5,"column":19},"end":{"line":5,"column":32}},"4":{"start":{"line":7,"column":2},"end":{"line":14,"column":4}},"5":{"start":{"line":10,"column":21},"end":{"line":10,"column":46}},"6":{"start":{"line":4,"column":13},"end":{"line":4,"column":29}}},"fnMap":{"0":{"name":"(anonymous_0)","decl":{"start":{"line":4,"column":29},"end":{"line":4,"column":32}},"loc":{"start":{"line":4,"column":34},"end":{"line":15,"column":1}}},"1":{"name":"(anonymous_1)","decl":{"start":{"line":10,"column":15},"end":{"line":10,"column":18}},"loc":{"start":{"line":10,"column":21},"end":{"line":10,"column":46}}}},"branchMap":{},"s":{"0":1,"1":1,"2":1,"3":28,"4":28,"5":0,"6":1},"f":{"0":28,"1":0},"b":{}}
,"D:\\Stuff\\Work\\Postulaciones\\cmpc\\front-end-cmpc\\src\\features\\book\\components\\BookCard.tsx": {"path":"D:\\Stuff\\Work\\Postulaciones\\cmpc\\front-end-cmpc\\src\\features\\book\\components\\BookCard.tsx","statementMap":{"0":{"start":{"line":2,"column":0},"end":{"line":2,"column":54}},"1":{"start":{"line":3,"column":0},"end":{"line":3,"column":47}},"2":{"start":{"line":4,"column":0},"end":{"line":4,"column":30}},"3":{"start":{"line":5,"column":0},"end":{"line":5,"column":57}},"4":{"start":{"line":6,"column":0},"end":{"line":6,"column":33}},"5":{"start":{"line":7,"column":0},"end":{"line":7,"column":53}},"6":{"start":{"line":8,"column":0},"end":{"line":8,"column":41}},"7":{"start":{"line":15,"column":24},"end":{"line":69,"column":1}},"8":{"start":{"line":16,"column":19},"end":{"line":16,"column":32}},"9":{"start":{"line":17,"column":50},"end":{"line":17,"column":65}},"10":{"start":{"line":18,"column":2},"end":{"line":68,"column":4}},"11":{"start":{"line":44,"column":25},"end":{"line":44,"column":59}},"12":{"start":{"line":51,"column":25},"end":{"line":51,"column":50}},"13":{"start":{"line":59,"column":26},"end":{"line":59,"column":52}},"14":{"start":{"line":61,"column":12},"end":{"line":61,"column":50}},"15":{"start":{"line":62,"column":12},"end":{"line":62,"column":32}},"16":{"start":{"line":63,"column":12},"end":{"line":63,"column":39}},"17":{"start":{"line":15,"column":13},"end":{"line":15,"column":24}}},"fnMap":{"0":{"name":"(anonymous_0)","decl":{"start":{"line":15,"column":24},"end":{"line":15,"column":25}},"loc":{"start":{"line":15,"column":54},"end":{"line":69,"column":1}}},"1":{"name":"(anonymous_1)","decl":{"start":{"line":44,"column":19},"end":{"line":44,"column":22}},"loc":{"start":{"line":44,"column":25},"end":{"line":44,"column":59}}},"2":{"name":"(anonymous_2)","decl":{"start":{"line":51,"column":19},"end":{"line":51,"column":22}},"loc":{"start":{"line":51,"column":25},"end":{"line":51,"column":50}}},"3":{"name":"(anonymous_3)","decl":{"start":{"line":59,"column":20},"end":{"line":59,"column":23}},"loc":{"start":{"line":59,"column":26},"end":{"line":59,"column":52}}},"4":{"name":"(anonymous_4)","decl":{"start":{"line":60,"column":21},"end":{"line":60,"column":26}},"loc":{"start":{"line":60,"column":32},"end":{"line":64,"column":11}}}},"branchMap":{"0":{"loc":{"start":{"line":21,"column":13},"end":{"line":21,"column":70}},"type":"cond-expr","locations":[{"start":{"line":21,"column":26},"end":{"line":21,"column":55}},{"start":{"line":21,"column":58},"end":{"line":21,"column":70}}]},"1":{"loc":{"start":{"line":39,"column":40},"end":{"line":39,"column":68}},"type":"cond-expr","locations":[{"start":{"line":39,"column":57},"end":{"line":39,"column":61}},{"start":{"line":39,"column":64},"end":{"line":39,"column":68}}]},"2":{"loc":{"start":{"line":56,"column":7},"end":{"line":65,"column":null}},"type":"binary-expr","locations":[{"start":{"line":56,"column":7},"end":{"line":56,"column":23}},{"start":{"line":57,"column":8},"end":{"line":64,"column":null}}]}},"s":{"0":1,"1":1,"2":1,"3":1,"4":1,"5":1,"6":1,"7":1,"8":68,"9":68,"10":68,"11":1,"12":2,"13":1,"14":0,"15":0,"16":0,"17":1},"f":{"0":68,"1":1,"2":2,"3":1,"4":0},"b":{"0":[0,68],"1":[68,0],"2":[68,2]}}
,"D:\\Stuff\\Work\\Postulaciones\\cmpc\\front-end-cmpc\\src\\features\\book\\components\\BookFilters.tsx": {"path":"D:\\Stuff\\Work\\Postulaciones\\cmpc\\front-end-cmpc\\src\\features\\book\\components\\BookFilters.tsx","statementMap":{"0":{"start":{"line":1,"column":0},"end":{"line":1,"column":44}},"1":{"start":{"line":2,"column":0},"end":{"line":2,"column":56}},"2":{"start":{"line":3,"column":0},"end":{"line":3,"column":62}},"3":{"start":{"line":4,"column":0},"end":{"line":4,"column":54}},"4":{"start":{"line":5,"column":0},"end":{"line":5,"column":46}},"5":{"start":{"line":6,"column":0},"end":{"line":6,"column":56}},"6":{"start":{"line":26,"column":27},"end":{"line":149,"column":1}},"7":{"start":{"line":43,"column":30},"end":{"line":43,"column":42}},"8":{"start":{"line":44,"column":32},"end":{"line":44,"column":44}},"9":{"start":{"line":45,"column":38},"end":{"line":45,"column":50}},"10":{"start":{"line":47,"column":2},"end":{"line":51,"column":9}},"11":{"start":{"line":48,"column":4},"end":{"line":48,"column":32}},"12":{"start":{"line":49,"column":4},"end":{"line":49,"column":34}},"13":{"start":{"line":50,"column":4},"end":{"line":50,"column":40}},"14":{"start":{"line":53,"column":2},"end":{"line":148,"column":4}},"15":{"start":{"line":62,"column":12},"end":{"line":62,"column":37}},"16":{"start":{"line":72,"column":10},"end":{"line":72,"column":24}},"17":{"start":{"line":73,"column":10},"end":{"line":73,"column":23}},"18":{"start":{"line":77,"column":48},"end":{"line":77,"column":74}},"19":{"start":{"line":85,"column":10},"end":{"line":85,"column":25}},"20":{"start":{"line":86,"column":10},"end":{"line":86,"column":23}},"21":{"start":{"line":90,"column":49},"end":{"line":90,"column":75}},"22":{"start":{"line":98,"column":10},"end":{"line":98,"column":28}},"23":{"start":{"line":99,"column":10},"end":{"line":99,"column":23}},"24":{"start":{"line":103,"column":52},"end":{"line":106,"column":12}},"25":{"start":{"line":114,"column":10},"end":{"line":114,"column":28}},"26":{"start":{"line":115,"column":10},"end":{"line":115,"column":23}},"27":{"start":{"line":129,"column":27},"end":{"line":129,"column":53}},"28":{"start":{"line":141,"column":27},"end":{"line":141,"column":78}},"29":{"start":{"line":26,"column":13},"end":{"line":26,"column":27}}},"fnMap":{"0":{"name":"(anonymous_0)","decl":{"start":{"line":26,"column":27},"end":{"line":26,"column":28}},"loc":{"start":{"line":42,"column":12},"end":{"line":149,"column":1}}},"1":{"name":"(anonymous_1)","decl":{"start":{"line":47,"column":12},"end":{"line":47,"column":15}},"loc":{"start":{"line":47,"column":17},"end":{"line":51,"column":3}}},"2":{"name":"(anonymous_2)","decl":{"start":{"line":61,"column":20},"end":{"line":61,"column":21}},"loc":{"start":{"line":61,"column":26},"end":{"line":63,"column":11}}},"3":{"name":"(anonymous_3)","decl":{"start":{"line":71,"column":18},"end":{"line":71,"column":19}},"loc":{"start":{"line":71,"column":26},"end":{"line":74,"column":9}}},"4":{"name":"(anonymous_4)","decl":{"start":{"line":77,"column":24},"end":{"line":77,"column":25}},"loc":{"start":{"line":77,"column":48},"end":{"line":77,"column":74}}},"5":{"name":"(anonymous_5)","decl":{"start":{"line":84,"column":18},"end":{"line":84,"column":19}},"loc":{"start":{"line":84,"column":26},"end":{"line":87,"column":9}}},"6":{"name":"(anonymous_6)","decl":{"start":{"line":90,"column":25},"end":{"line":90,"column":26}},"loc":{"start":{"line":90,"column":49},"end":{"line":90,"column":75}}},"7":{"name":"(anonymous_7)","decl":{"start":{"line":97,"column":18},"end":{"line":97,"column":19}},"loc":{"start":{"line":97,"column":26},"end":{"line":100,"column":9}}},"8":{"name":"(anonymous_8)","decl":{"start":{"line":103,"column":28},"end":{"line":103,"column":29}},"loc":{"start":{"line":103,"column":52},"end":{"line":106,"column":12}}},"9":{"name":"(anonymous_9)","decl":{"start":{"line":113,"column":18},"end":{"line":113,"column":19}},"loc":{"start":{"line":113,"column":26},"end":{"line":116,"column":9}}},"10":{"name":"(anonymous_10)","decl":{"start":{"line":129,"column":20},"end":{"line":129,"column":21}},"loc":{"start":{"line":129,"column":27},"end":{"line":129,"column":53}}},"11":{"name":"(anonymous_11)","decl":{"start":{"line":141,"column":20},"end":{"line":141,"column":21}},"loc":{"start":{"line":141,"column":27},"end":{"line":141,"column":78}}}},"branchMap":{},"s":{"0":1,"1":1,"2":1,"3":1,"4":1,"5":1,"6":1,"7":28,"8":28,"9":28,"10":28,"11":6,"12":6,"13":6,"14":28,"15":1,"16":1,"17":1,"18":2,"19":1,"20":1,"21":2,"22":1,"23":1,"24":2,"25":1,"26":1,"27":1,"28":0,"29":1},"f":{"0":28,"1":6,"2":1,"3":1,"4":2,"5":1,"6":2,"7":1,"8":2,"9":1,"10":1,"11":0},"b":{}}
,"D:\\Stuff\\Work\\Postulaciones\\cmpc\\front-end-cmpc\\src\\features\\book\\components\\FilterSelect.tsx": {"path":"D:\\Stuff\\Work\\Postulaciones\\cmpc\\front-end-cmpc\\src\\features\\book\\components\\FilterSelect.tsx","statementMap":{"0":{"start":{"line":13,"column":28},"end":{"line":26,"column":1}},"1":{"start":{"line":14,"column":2},"end":{"line":25,"column":4}},"2":{"start":{"line":17,"column":45},"end":{"line":17,"column":69}},"3":{"start":{"line":19,"column":10},"end":{"line":19,"column":34}},"4":{"start":{"line":13,"column":13},"end":{"line":13,"column":28}}},"fnMap":{"0":{"name":"(anonymous_0)","decl":{"start":{"line":13,"column":28},"end":{"line":13,"column":29}},"loc":{"start":{"line":13,"column":75},"end":{"line":26,"column":1}}},"1":{"name":"(anonymous_1)","decl":{"start":{"line":17,"column":38},"end":{"line":17,"column":39}},"loc":{"start":{"line":17,"column":45},"end":{"line":17,"column":69}}},"2":{"name":"(anonymous_2)","decl":{"start":{"line":18,"column":21},"end":{"line":18,"column":22}},"loc":{"start":{"line":19,"column":10},"end":{"line":19,"column":34}}}},"branchMap":{},"s":{"0":1,"1":112,"2":4,"3":174,"4":1},"f":{"0":112,"1":4,"2":174},"b":{}}
,"D:\\Stuff\\Work\\Postulaciones\\cmpc\\front-end-cmpc\\src\\features\\book\\pages\\BookList.tsx": {"path":"D:\\Stuff\\Work\\Postulaciones\\cmpc\\front-end-cmpc\\src\\features\\book\\pages\\BookList.tsx","statementMap":{"0":{"start":{"line":1,"column":0},"end":{"line":1,"column":44}},"1":{"start":{"line":2,"column":0},"end":{"line":2,"column":52}},"2":{"start":{"line":3,"column":0},"end":{"line":3,"column":50}},"3":{"start":{"line":5,"column":0},"end":{"line":5,"column":56}},"4":{"start":{"line":6,"column":0},"end":{"line":6,"column":51}},"5":{"start":{"line":7,"column":0},"end":{"line":7,"column":60}},"6":{"start":{"line":8,"column":0},"end":{"line":8,"column":54}},"7":{"start":{"line":9,"column":0},"end":{"line":9,"column":50}},"8":{"start":{"line":11,"column":24},"end":{"line":212,"column":1}},"9":{"start":{"line":12,"column":28},"end":{"line":12,"column":48}},"10":{"start":{"line":13,"column":26},"end":{"line":13,"column":37}},"11":{"start":{"line":14,"column":28},"end":{"line":14,"column":40}},"12":{"start":{"line":15,"column":38},"end":{"line":15,"column":49}},"13":{"start":{"line":17,"column":32},"end":{"line":17,"column":47}},"14":{"start":{"line":18,"column":30},"end":{"line":18,"column":42}},"15":{"start":{"line":19,"column":32},"end":{"line":19,"column":44}},"16":{"start":{"line":20,"column":38},"end":{"line":20,"column":50}},"17":{"start":{"line":21,"column":36},"end":{"line":21,"column":48}},"18":{"start":{"line":22,"column":28},"end":{"line":22,"column":40}},"19":{"start":{"line":23,"column":25},"end":{"line":23,"column":48}},"20":{"start":{"line":24,"column":32},"end":{"line":24,"column":49}},"21":{"start":{"line":25,"column":37},"end":{"line":25,"column":68}},"22":{"start":{"line":27,"column":21},"end":{"line":47,"column":3}},"23":{"start":{"line":28,"column":4},"end":{"line":28,"column":21}},"24":{"start":{"line":30,"column":30},"end":{"line":40,"column":6}},"25":{"start":{"line":42,"column":17},"end":{"line":42,"column":38}},"26":{"start":{"line":44,"column":4},"end":{"line":44,"column":24}},"27":{"start":{"line":45,"column":4},"end":{"line":45,"column":30}},"28":{"start":{"line":46,"column":4},"end":{"line":46,"column":22}},"29":{"start":{"line":49,"column":22},"end":{"line":79,"column":3}},"30":{"start":{"line":50,"column":20},"end":{"line":57,"column":6}},"31":{"start":{"line":58,"column":17},"end":{"line":65,"column":6}},"32":{"start":{"line":58,"column":37},"end":{"line":65,"column":6}},"33":{"start":{"line":68,"column":6},"end":{"line":68,"column":74}},"34":{"start":{"line":68,"column":49},"end":{"line":68,"column":62}},"35":{"start":{"line":70,"column":17},"end":{"line":70,"column":76}},"36":{"start":{"line":71,"column":16},"end":{"line":71,"column":41}},"37":{"start":{"line":73,"column":17},"end":{"line":73,"column":44}},"38":{"start":{"line":74,"column":4},"end":{"line":74,"column":20}},"39":{"start":{"line":75,"column":4},"end":{"line":75,"column":48}},"40":{"start":{"line":76,"column":4},"end":{"line":76,"column":36}},"41":{"start":{"line":77,"column":4},"end":{"line":77,"column":17}},"42":{"start":{"line":78,"column":4},"end":{"line":78,"column":36}},"43":{"start":{"line":81,"column":2},"end":{"line":83,"column":13}},"44":{"start":{"line":82,"column":4},"end":{"line":82,"column":21}},"45":{"start":{"line":85,"column":2},"end":{"line":87,"column":73}},"46":{"start":{"line":86,"column":4},"end":{"line":86,"column":15}},"47":{"start":{"line":89,"column":2},"end":{"line":91,"column":73}},"48":{"start":{"line":90,"column":4},"end":{"line":90,"column":18}},"49":{"start":{"line":93,"column":2},"end":{"line":95,"column":23}},"50":{"start":{"line":94,"column":4},"end":{"line":94,"column":15}},"51":{"start":{"line":97,"column":2},"end":{"line":99,"column":23}},"52":{"start":{"line":98,"column":4},"end":{"line":98,"column":18}},"53":{"start":{"line":101,"column":21},"end":{"line":101,"column":50}},"54":{"start":{"line":103,"column":2},"end":{"line":211,"column":4}},"55":{"start":{"line":110,"column":27},"end":{"line":110,"column":45}},"56":{"start":{"line":134,"column":10},"end":{"line":134,"column":23}},"57":{"start":{"line":135,"column":10},"end":{"line":135,"column":21}},"58":{"start":{"line":136,"column":10},"end":{"line":136,"column":27}},"59":{"start":{"line":143,"column":12},"end":{"line":143,"column":25}},"60":{"start":{"line":144,"column":12},"end":{"line":144,"column":26}},"61":{"start":{"line":145,"column":12},"end":{"line":145,"column":29}},"62":{"start":{"line":146,"column":12},"end":{"line":146,"column":29}},"63":{"start":{"line":147,"column":12},"end":{"line":147,"column":25}},"64":{"start":{"line":148,"column":12},"end":{"line":148,"column":25}},"65":{"start":{"line":149,"column":12},"end":{"line":149,"column":23}},"66":{"start":{"line":150,"column":12},"end":{"line":150,"column":29}},"67":{"start":{"line":157,"column":10},"end":{"line":158,"column":null}},"68":{"start":{"line":161,"column":14},"end":{"line":162,"column":null}},"69":{"start":{"line":162,"column":16},"end":{"line":162,"column":58}},"70":{"start":{"line":162,"column":43},"end":{"line":162,"column":57}},"71":{"start":{"line":177,"column":31},"end":{"line":177,"column":63}},"72":{"start":{"line":193,"column":35},"end":{"line":193,"column":56}},"73":{"start":{"line":193,"column":50},"end":{"line":193,"column":55}},"74":{"start":{"line":202,"column":29},"end":{"line":202,"column":50}},"75":{"start":{"line":202,"column":44},"end":{"line":202,"column":49}},"76":{"start":{"line":11,"column":13},"end":{"line":11,"column":24}}},"fnMap":{"0":{"name":"(anonymous_0)","decl":{"start":{"line":11,"column":24},"end":{"line":11,"column":27}},"loc":{"start":{"line":11,"column":29},"end":{"line":212,"column":1}}},"1":{"name":"(anonymous_1)","decl":{"start":{"line":27,"column":21},"end":{"line":27,"column":26}},"loc":{"start":{"line":27,"column":51},"end":{"line":47,"column":3}}},"2":{"name":"(anonymous_2)","decl":{"start":{"line":49,"column":22},"end":{"line":49,"column":23}},"loc":{"start":{"line":49,"column":40},"end":{"line":79,"column":3}}},"3":{"name":"(anonymous_3)","decl":{"start":{"line":58,"column":27},"end":{"line":58,"column":28}},"loc":{"start":{"line":58,"column":37},"end":{"line":65,"column":6}}},"4":{"name":"(anonymous_4)","decl":{"start":{"line":68,"column":40},"end":{"line":68,"column":41}},"loc":{"start":{"line":68,"column":49},"end":{"line":68,"column":62}}},"5":{"name":"(anonymous_5)","decl":{"start":{"line":81,"column":12},"end":{"line":81,"column":15}},"loc":{"start":{"line":81,"column":17},"end":{"line":83,"column":3}}},"6":{"name":"(anonymous_6)","decl":{"start":{"line":85,"column":12},"end":{"line":85,"column":15}},"loc":{"start":{"line":85,"column":17},"end":{"line":87,"column":3}}},"7":{"name":"(anonymous_7)","decl":{"start":{"line":89,"column":12},"end":{"line":89,"column":15}},"loc":{"start":{"line":89,"column":17},"end":{"line":91,"column":3}}},"8":{"name":"(anonymous_8)","decl":{"start":{"line":93,"column":12},"end":{"line":93,"column":15}},"loc":{"start":{"line":93,"column":17},"end":{"line":95,"column":3}}},"9":{"name":"(anonymous_9)","decl":{"start":{"line":97,"column":12},"end":{"line":97,"column":15}},"loc":{"start":{"line":97,"column":17},"end":{"line":99,"column":3}}},"10":{"name":"(anonymous_10)","decl":{"start":{"line":110,"column":21},"end":{"line":110,"column":24}},"loc":{"start":{"line":110,"column":27},"end":{"line":110,"column":45}}},"11":{"name":"(anonymous_11)","decl":{"start":{"line":133,"column":20},"end":{"line":133,"column":23}},"loc":{"start":{"line":133,"column":25},"end":{"line":137,"column":9}}},"12":{"name":"(anonymous_12)","decl":{"start":{"line":142,"column":19},"end":{"line":142,"column":22}},"loc":{"start":{"line":142,"column":24},"end":{"line":151,"column":11}}},"13":{"name":"(anonymous_13)","decl":{"start":{"line":156,"column":19},"end":{"line":156,"column":20}},"loc":{"start":{"line":157,"column":10},"end":{"line":158,"column":null}}},"14":{"name":"(anonymous_14)","decl":{"start":{"line":160,"column":22},"end":{"line":160,"column":23}},"loc":{"start":{"line":161,"column":14},"end":{"line":162,"column":null}}},"15":{"name":"(anonymous_15)","decl":{"start":{"line":161,"column":23},"end":{"line":161,"column":24}},"loc":{"start":{"line":162,"column":16},"end":{"line":162,"column":58}}},"16":{"name":"(anonymous_16)","decl":{"start":{"line":162,"column":33},"end":{"line":162,"column":34}},"loc":{"start":{"line":162,"column":43},"end":{"line":162,"column":57}}},"17":{"name":"(anonymous_17)","decl":{"start":{"line":177,"column":24},"end":{"line":177,"column":25}},"loc":{"start":{"line":177,"column":31},"end":{"line":177,"column":63}}},"18":{"name":"(anonymous_18)","decl":{"start":{"line":193,"column":29},"end":{"line":193,"column":32}},"loc":{"start":{"line":193,"column":35},"end":{"line":193,"column":56}}},"19":{"name":"(anonymous_19)","decl":{"start":{"line":193,"column":43},"end":{"line":193,"column":44}},"loc":{"start":{"line":193,"column":50},"end":{"line":193,"column":55}}},"20":{"name":"(anonymous_20)","decl":{"start":{"line":202,"column":23},"end":{"line":202,"column":26}},"loc":{"start":{"line":202,"column":29},"end":{"line":202,"column":50}}},"21":{"name":"(anonymous_21)","decl":{"start":{"line":202,"column":37},"end":{"line":202,"column":38}},"loc":{"start":{"line":202,"column":44},"end":{"line":202,"column":49}}}},"branchMap":{"0":{"loc":{"start":{"line":60,"column":10},"end":{"line":60,"column":33}},"type":"binary-expr","locations":[{"start":{"line":60,"column":10},"end":{"line":60,"column":27}},{"start":{"line":60,"column":31},"end":{"line":60,"column":33}}]},"1":{"loc":{"start":{"line":61,"column":10},"end":{"line":61,"column":32}},"type":"binary-expr","locations":[{"start":{"line":61,"column":10},"end":{"line":61,"column":26}},{"start":{"line":61,"column":30},"end":{"line":61,"column":32}}]},"2":{"loc":{"start":{"line":62,"column":10},"end":{"line":62,"column":36}},"type":"binary-expr","locations":[{"start":{"line":62,"column":10},"end":{"line":62,"column":30}},{"start":{"line":62,"column":34},"end":{"line":62,"column":36}}]},"3":{"loc":{"start":{"line":64,"column":10},"end":{"line":64,"column":38}},"type":"cond-expr","locations":[{"start":{"line":64,"column":27},"end":{"line":64,"column":31}},{"start":{"line":64,"column":34},"end":{"line":64,"column":38}}]},"4":{"loc":{"start":{"line":140,"column":7},"end":{"line":152,"column":null}},"type":"binary-expr","locations":[{"start":{"line":140,"column":7},"end":{"line":140,"column":25}},{"start":{"line":140,"column":29},"end":{"line":140,"column":37}},{"start":{"line":141,"column":8},"end":{"line":151,"column":null}}]},"5":{"loc":{"start":{"line":167,"column":9},"end":{"line":167,"column":45}},"type":"binary-expr","locations":[{"start":{"line":167,"column":9},"end":{"line":167,"column":16}},{"start":{"line":167,"column":20},"end":{"line":167,"column":45}}]},"6":{"loc":{"start":{"line":170,"column":7},"end":{"line":208,"column":null}},"type":"binary-expr","locations":[{"start":{"line":170,"column":7},"end":{"line":170,"column":23}},{"start":{"line":171,"column":8},"end":{"line":207,"column":null}}]}},"s":{"0":1,"1":1,"2":1,"3":1,"4":1,"5":1,"6":1,"7":1,"8":1,"9":30,"10":30,"11":30,"12":30,"13":30,"14":30,"15":30,"16":30,"17":30,"18":30,"19":30,"20":30,"21":30,"22":30,"23":22,"24":22,"25":22,"26":22,"27":22,"28":22,"29":30,"30":0,"31":0,"32":0,"33":0,"34":0,"35":0,"36":0,"37":0,"38":0,"39":0,"40":0,"41":0,"42":0,"43":30,"44":8,"45":30,"46":7,"47":30,"48":7,"49":30,"50":7,"51":30,"52":7,"53":30,"54":30,"55":0,"56":4,"57":4,"58":4,"59":0,"60":0,"61":0,"62":0,"63":0,"64":0,"65":0,"66":0,"67":61,"68":0,"69":0,"70":0,"71":0,"72":1,"73":1,"74":1,"75":1,"76":1},"f":{"0":30,"1":22,"2":0,"3":0,"4":0,"5":8,"6":7,"7":7,"8":7,"9":7,"10":0,"11":4,"12":0,"13":61,"14":0,"15":0,"16":0,"17":0,"18":1,"19":1,"20":1,"21":1},"b":{"0":[0,0],"1":[0,0],"2":[0,0],"3":[0,0],"4":[30,23,9],"5":[30,16],"6":[30,7]}}
,"D:\\Stuff\\Work\\Postulaciones\\cmpc\\front-end-cmpc\\src\\features\\book\\services\\author.service.ts": {"path":"D:\\Stuff\\Work\\Postulaciones\\cmpc\\front-end-cmpc\\src\\features\\book\\services\\author.service.ts","statementMap":{"0":{"start":{"line":1,"column":0},"end":{"line":1,"column":30}},"1":{"start":{"line":3,"column":26},"end":{"line":6,"column":1}},"2":{"start":{"line":4,"column":14},"end":{"line":4,"column":39}},"3":{"start":{"line":5,"column":2},"end":{"line":5,"column":18}},"4":{"start":{"line":3,"column":13},"end":{"line":3,"column":26}}},"fnMap":{"0":{"name":"(anonymous_0)","decl":{"start":{"line":3,"column":26},"end":{"line":3,"column":31}},"loc":{"start":{"line":3,"column":37},"end":{"line":6,"column":1}}}},"branchMap":{},"s":{"0":1,"1":1,"2":6,"3":6,"4":1},"f":{"0":6},"b":{}}
,"D:\\Stuff\\Work\\Postulaciones\\cmpc\\front-end-cmpc\\src\\features\\book\\services\\book.service.ts": {"path":"D:\\Stuff\\Work\\Postulaciones\\cmpc\\front-end-cmpc\\src\\features\\book\\services\\book.service.ts","statementMap":{"0":{"start":{"line":1,"column":0},"end":{"line":1,"column":30}},"1":{"start":{"line":4,"column":24},"end":{"line":15,"column":1}},"2":{"start":{"line":5,"column":16},"end":{"line":5,"column":37}},"3":{"start":{"line":7,"column":2},"end":{"line":11,"column":5}},"4":{"start":{"line":8,"column":4},"end":{"line":10,"column":5}},"5":{"start":{"line":9,"column":6},"end":{"line":9,"column":39}},"6":{"start":{"line":13,"column":19},"end":{"line":13,"column":62}},"7":{"start":{"line":14,"column":2},"end":{"line":14,"column":23}},"8":{"start":{"line":4,"column":13},"end":{"line":4,"column":24}}},"fnMap":{"0":{"name":"(anonymous_0)","decl":{"start":{"line":4,"column":24},"end":{"line":4,"column":29}},"loc":{"start":{"line":4,"column":53},"end":{"line":15,"column":1}}},"1":{"name":"(anonymous_1)","decl":{"start":{"line":7,"column":33},"end":{"line":7,"column":34}},"loc":{"start":{"line":7,"column":50},"end":{"line":11,"column":3}}}},"branchMap":{"0":{"loc":{"start":{"line":8,"column":4},"end":{"line":10,"column":5}},"type":"if","locations":[{"start":{"line":8,"column":4},"end":{"line":10,"column":5}}]},"1":{"loc":{"start":{"line":8,"column":8},"end":{"line":8,"column":43}},"type":"binary-expr","locations":[{"start":{"line":8,"column":8},"end":{"line":8,"column":27}},{"start":{"line":8,"column":31},"end":{"line":8,"column":43}}]}},"s":{"0":1,"1":1,"2":22,"3":22,"4":198,"5":89,"6":22,"7":22,"8":1},"f":{"0":22,"1":198},"b":{"0":[89],"1":[198,198]}}
,"D:\\Stuff\\Work\\Postulaciones\\cmpc\\front-end-cmpc\\src\\features\\book\\services\\editorial.service.ts": {"path":"D:\\Stuff\\Work\\Postulaciones\\cmpc\\front-end-cmpc\\src\\features\\book\\services\\editorial.service.ts","statementMap":{"0":{"start":{"line":1,"column":0},"end":{"line":1,"column":30}},"1":{"start":{"line":3,"column":29},"end":{"line":6,"column":1}},"2":{"start":{"line":4,"column":14},"end":{"line":4,"column":42}},"3":{"start":{"line":5,"column":2},"end":{"line":5,"column":18}},"4":{"start":{"line":3,"column":13},"end":{"line":3,"column":29}}},"fnMap":{"0":{"name":"(anonymous_0)","decl":{"start":{"line":3,"column":29},"end":{"line":3,"column":34}},"loc":{"start":{"line":3,"column":40},"end":{"line":6,"column":1}}}},"branchMap":{},"s":{"0":1,"1":1,"2":6,"3":6,"4":1},"f":{"0":6},"b":{}}
,"D:\\Stuff\\Work\\Postulaciones\\cmpc\\front-end-cmpc\\src\\features\\book\\services\\genre.service.ts": {"path":"D:\\Stuff\\Work\\Postulaciones\\cmpc\\front-end-cmpc\\src\\features\\book\\services\\genre.service.ts","statementMap":{"0":{"start":{"line":1,"column":0},"end":{"line":1,"column":30}},"1":{"start":{"line":3,"column":25},"end":{"line":6,"column":1}},"2":{"start":{"line":4,"column":14},"end":{"line":4,"column":38}},"3":{"start":{"line":5,"column":2},"end":{"line":5,"column":18}},"4":{"start":{"line":3,"column":13},"end":{"line":3,"column":25}}},"fnMap":{"0":{"name":"(anonymous_0)","decl":{"start":{"line":3,"column":25},"end":{"line":3,"column":30}},"loc":{"start":{"line":3,"column":36},"end":{"line":6,"column":1}}}},"branchMap":{},"s":{"0":1,"1":1,"2":6,"3":6,"4":1},"f":{"0":6},"b":{}}
,"D:\\Stuff\\Work\\Postulaciones\\cmpc\\front-end-cmpc\\src\\hooks\\useDebounce.ts": {"path":"D:\\Stuff\\Work\\Postulaciones\\cmpc\\front-end-cmpc\\src\\hooks\\useDebounce.ts","statementMap":{"0":{"start":{"line":3,"column":0},"end":{"line":3,"column":16}},"1":{"start":{"line":1,"column":0},"end":{"line":1,"column":44}},"2":{"start":{"line":4,"column":36},"end":{"line":4,"column":51}},"3":{"start":{"line":6,"column":2},"end":{"line":9,"column":21}},"4":{"start":{"line":7,"column":20},"end":{"line":7,"column":64}},"5":{"start":{"line":7,"column":37},"end":{"line":7,"column":56}},"6":{"start":{"line":8,"column":4},"end":{"line":8,"column":39}},"7":{"start":{"line":8,"column":17},"end":{"line":8,"column":38}},"8":{"start":{"line":11,"column":2},"end":{"line":11,"column":19}}},"fnMap":{"0":{"name":"useDebounce","decl":{"start":{"line":3,"column":16},"end":{"line":3,"column":27}},"loc":{"start":{"line":3,"column":60},"end":{"line":12,"column":1}}},"1":{"name":"(anonymous_1)","decl":{"start":{"line":6,"column":12},"end":{"line":6,"column":15}},"loc":{"start":{"line":6,"column":17},"end":{"line":9,"column":3}}},"2":{"name":"(anonymous_2)","decl":{"start":{"line":7,"column":31},"end":{"line":7,"column":34}},"loc":{"start":{"line":7,"column":37},"end":{"line":7,"column":56}}},"3":{"name":"(anonymous_3)","decl":{"start":{"line":8,"column":11},"end":{"line":8,"column":14}},"loc":{"start":{"line":8,"column":17},"end":{"line":8,"column":38}}}},"branchMap":{"0":{"loc":{"start":{"line":3,"column":41},"end":{"line":3,"column":60}},"type":"default-arg","locations":[{"start":{"line":3,"column":57},"end":{"line":3,"column":60}}]}},"s":{"0":1,"1":1,"2":30,"3":30,"4":7,"5":0,"6":7,"7":7,"8":30},"f":{"0":30,"1":7,"2":0,"3":7},"b":{"0":[0]}}
}
