TN:
SF:src\api\axios.ts
FN:12,(anonymous_0)
FN:17,(anonymous_1)
FNF:2
FNH:0
FNDA:0,(anonymous_0)
FNDA:0,(anonymous_1)
DA:1,1
DA:2,1
DA:4,1
DA:11,1
DA:13,0
DA:14,0
DA:15,0
DA:17,0
DA:20,1
LF:9
LH:5
BRDA:14,0,0,0
BRF:1
BRH:0
end_of_record
TN:
SF:src\components\ConfirmModal.tsx
FN:9,(anonymous_0)
FNF:1
FNH:1
FNDA:2,(anonymous_0)
DA:1,1
DA:9,1
DA:14,2
LF:3
LH:3
BRF:0
BRH:0
end_of_record
TN:
SF:src\components\NoResults.tsx
FN:8,(anonymous_0)
FNF:1
FNH:1
FNDA:9,(anonymous_0)
DA:1,1
DA:8,1
DA:12,9
LF:3
LH:3
BRDA:9,0,0,9
BRDA:15,1,0,9
BRDA:15,1,1,9
BRF:3
BRH:3
end_of_record
TN:
SF:src\features\book\components\AddBookButton.tsx
FN:4,(anonymous_0)
FN:10,(anonymous_1)
FNF:2
FNH:1
FNDA:28,(anonymous_0)
FNDA:0,(anonymous_1)
DA:1,1
DA:2,1
DA:4,1
DA:5,28
DA:7,28
DA:10,0
LF:6
LH:5
BRF:0
BRH:0
end_of_record
TN:
SF:src\features\book\components\BookCard.tsx
FN:15,(anonymous_0)
FN:44,(anonymous_1)
FN:51,(anonymous_2)
FN:59,(anonymous_3)
FN:60,(anonymous_4)
FNF:5
FNH:4
FNDA:68,(anonymous_0)
FNDA:1,(anonymous_1)
FNDA:2,(anonymous_2)
FNDA:1,(anonymous_3)
FNDA:0,(anonymous_4)
DA:2,1
DA:3,1
DA:4,1
DA:5,1
DA:6,1
DA:7,1
DA:8,1
DA:15,1
DA:16,68
DA:17,68
DA:18,68
DA:44,1
DA:51,2
DA:59,1
DA:61,0
DA:62,0
DA:63,0
LF:17
LH:14
BRDA:21,0,0,0
BRDA:21,0,1,68
BRDA:39,1,0,68
BRDA:39,1,1,0
BRDA:56,2,0,68
BRDA:56,2,1,2
BRF:6
BRH:4
end_of_record
TN:
SF:src\features\book\components\BookFilters.tsx
FN:26,(anonymous_0)
FN:47,(anonymous_1)
FN:61,(anonymous_2)
FN:71,(anonymous_3)
FN:77,(anonymous_4)
FN:84,(anonymous_5)
FN:90,(anonymous_6)
FN:97,(anonymous_7)
FN:103,(anonymous_8)
FN:113,(anonymous_9)
FN:129,(anonymous_10)
FN:141,(anonymous_11)
FNF:12
FNH:11
FNDA:28,(anonymous_0)
FNDA:6,(anonymous_1)
FNDA:1,(anonymous_2)
FNDA:1,(anonymous_3)
FNDA:2,(anonymous_4)
FNDA:1,(anonymous_5)
FNDA:2,(anonymous_6)
FNDA:1,(anonymous_7)
FNDA:2,(anonymous_8)
FNDA:1,(anonymous_9)
FNDA:1,(anonymous_10)
FNDA:0,(anonymous_11)
DA:1,1
DA:2,1
DA:3,1
DA:4,1
DA:5,1
DA:6,1
DA:26,1
DA:43,28
DA:44,28
DA:45,28
DA:47,28
DA:48,6
DA:49,6
DA:50,6
DA:53,28
DA:62,1
DA:72,1
DA:73,1
DA:77,2
DA:85,1
DA:86,1
DA:90,2
DA:98,1
DA:99,1
DA:103,2
DA:114,1
DA:115,1
DA:129,1
DA:141,0
LF:29
LH:28
BRF:0
BRH:0
end_of_record
TN:
SF:src\features\book\components\FilterSelect.tsx
FN:13,(anonymous_0)
FN:17,(anonymous_1)
FN:18,(anonymous_2)
FNF:3
FNH:3
FNDA:112,(anonymous_0)
FNDA:4,(anonymous_1)
FNDA:174,(anonymous_2)
DA:13,1
DA:14,112
DA:17,4
DA:19,174
LF:4
LH:4
BRF:0
BRH:0
end_of_record
TN:
SF:src\features\book\pages\BookList.tsx
FN:11,(anonymous_0)
FN:27,(anonymous_1)
FN:49,(anonymous_2)
FN:58,(anonymous_3)
FN:68,(anonymous_4)
FN:81,(anonymous_5)
FN:85,(anonymous_6)
FN:89,(anonymous_7)
FN:93,(anonymous_8)
FN:97,(anonymous_9)
FN:110,(anonymous_10)
FN:133,(anonymous_11)
FN:142,(anonymous_12)
FN:156,(anonymous_13)
FN:160,(anonymous_14)
FN:161,(anonymous_15)
FN:162,(anonymous_16)
FN:177,(anonymous_17)
FN:193,(anonymous_18)
FN:193,(anonymous_19)
FN:202,(anonymous_20)
FN:202,(anonymous_21)
FNF:22
FNH:13
FNDA:30,(anonymous_0)
FNDA:22,(anonymous_1)
FNDA:0,(anonymous_2)
FNDA:0,(anonymous_3)
FNDA:0,(anonymous_4)
FNDA:8,(anonymous_5)
FNDA:7,(anonymous_6)
FNDA:7,(anonymous_7)
FNDA:7,(anonymous_8)
FNDA:7,(anonymous_9)
FNDA:0,(anonymous_10)
FNDA:4,(anonymous_11)
FNDA:0,(anonymous_12)
FNDA:61,(anonymous_13)
FNDA:0,(anonymous_14)
FNDA:0,(anonymous_15)
FNDA:0,(anonymous_16)
FNDA:0,(anonymous_17)
FNDA:1,(anonymous_18)
FNDA:1,(anonymous_19)
FNDA:1,(anonymous_20)
FNDA:1,(anonymous_21)
DA:1,1
DA:2,1
DA:3,1
DA:5,1
DA:6,1
DA:7,1
DA:8,1
DA:9,1
DA:11,1
DA:12,30
DA:13,30
DA:14,30
DA:15,30
DA:17,30
DA:18,30
DA:19,30
DA:20,30
DA:21,30
DA:22,30
DA:23,30
DA:24,30
DA:25,30
DA:27,30
DA:28,22
DA:30,22
DA:42,22
DA:44,22
DA:45,22
DA:46,22
DA:49,30
DA:50,0
DA:58,0
DA:68,0
DA:70,0
DA:71,0
DA:73,0
DA:74,0
DA:75,0
DA:76,0
DA:77,0
DA:78,0
DA:81,30
DA:82,8
DA:85,30
DA:86,7
DA:89,30
DA:90,7
DA:93,30
DA:94,7
DA:97,30
DA:98,7
DA:101,30
DA:103,30
DA:110,0
DA:134,4
DA:135,4
DA:136,4
DA:143,0
DA:144,0
DA:145,0
DA:146,0
DA:147,0
DA:148,0
DA:149,0
DA:150,0
DA:157,61
DA:161,0
DA:162,0
DA:177,0
DA:193,1
DA:202,1
LF:71
LH:48
BRDA:60,0,0,0
BRDA:60,0,1,0
BRDA:61,1,0,0
BRDA:61,1,1,0
BRDA:62,2,0,0
BRDA:62,2,1,0
BRDA:64,3,0,0
BRDA:64,3,1,0
BRDA:140,4,0,30
BRDA:140,4,1,23
BRDA:140,4,2,9
BRDA:167,5,0,30
BRDA:167,5,1,16
BRDA:170,6,0,30
BRDA:170,6,1,7
BRF:15
BRH:7
end_of_record
TN:
SF:src\features\book\services\author.service.ts
FN:3,(anonymous_0)
FNF:1
FNH:1
FNDA:6,(anonymous_0)
DA:1,1
DA:3,1
DA:4,6
DA:5,6
LF:4
LH:4
BRF:0
BRH:0
end_of_record
TN:
SF:src\features\book\services\book.service.ts
FN:4,(anonymous_0)
FN:7,(anonymous_1)
FNF:2
FNH:2
FNDA:22,(anonymous_0)
FNDA:198,(anonymous_1)
DA:1,1
DA:4,1
DA:5,22
DA:7,22
DA:8,198
DA:9,89
DA:13,22
DA:14,22
LF:8
LH:8
BRDA:8,0,0,89
BRDA:8,1,0,198
BRDA:8,1,1,198
BRF:3
BRH:3
end_of_record
TN:
SF:src\features\book\services\editorial.service.ts
FN:3,(anonymous_0)
FNF:1
FNH:1
FNDA:6,(anonymous_0)
DA:1,1
DA:3,1
DA:4,6
DA:5,6
LF:4
LH:4
BRF:0
BRH:0
end_of_record
TN:
SF:src\features\book\services\genre.service.ts
FN:3,(anonymous_0)
FNF:1
FNH:1
FNDA:6,(anonymous_0)
DA:1,1
DA:3,1
DA:4,6
DA:5,6
LF:4
LH:4
BRF:0
BRH:0
end_of_record
TN:
SF:src\hooks\useDebounce.ts
FN:3,useDebounce
FN:6,(anonymous_1)
FN:7,(anonymous_2)
FN:8,(anonymous_3)
FNF:4
FNH:3
FNDA:30,useDebounce
FNDA:7,(anonymous_1)
FNDA:0,(anonymous_2)
FNDA:7,(anonymous_3)
DA:1,1
DA:3,1
DA:4,30
DA:6,30
DA:7,7
DA:8,7
DA:11,30
LF:7
LH:7
BRDA:3,0,0,0
BRF:1
BRH:0
end_of_record
